<?xml version="1.0" encoding="UTF-8"?>
<!-- Generated by org.testng.reporters.JUnitXMLReporter -->
<testsuite hostname="Lahari" ignored="0" name="Command line test" tests="1" failures="0" timestamp="02 Sep 2017 05:51:55 GMT" time="0.254" errors="0">
  <testcase name="@BeforeTest initiateDriver" time="0.192" classname="com.argos.project.testcases.TelevisionProductTestCase">
    <failure type="java.lang.IllegalStateException" message="The driver executable does not exist: C:\Users\Sravya\Desktop\MYFlYIN\ArgosPageObjectModel_B\binaries\chromedriver.exe">
      <![CDATA[java.lang.IllegalStateException: The driver executable does not exist: C:\Users\Sravya\Desktop\MYFlYIN\ArgosPageObjectModel_B\binaries\chromedriver.exe
	at com.google.common.base.Preconditions.checkState(Preconditions.java:534)
	at org.openqa.selenium.remote.service.DriverService.checkExecutable(DriverService.java:136)
	at org.openqa.selenium.remote.service.DriverService.findExecutable(DriverService.java:131)
	at org.openqa.selenium.chrome.ChromeDriverService.access$000(ChromeDriverService.java:32)
	at org.openqa.selenium.chrome.ChromeDriverService$Builder.findDefaultExecutable(ChromeDriverService.java:137)
	at org.openqa.selenium.remote.service.DriverService$Builder.build(DriverService.java:329)
	at org.openqa.selenium.chrome.ChromeDriverService.createDefaultService(ChromeDriverService.java:88)
	at org.openqa.selenium.chrome.ChromeDriver.<init>(ChromeDriver.java:124)
	at com.argos.project.testcases.TestBase.getDriver(TestBase.java:20)
	at com.argos.project.testcases.TelevisionProductTestCase.initiateDriver(TelevisionProductTestCase.java:21)
... Removed 33 stack frames]]>
    </failure>
  </testcase> <!-- @BeforeTest initiateDriver -->
  <testcase name="@AfterTest closeDriver" time="0.0" classname="com.argos.project.testcases.TelevisionProductTestCase">
    <skipped/>
  </testcase> <!-- @AfterTest closeDriver -->
  <testcase name="Tc_01_televisionProductTestCase" time="0.001" classname="com.argos.project.testcases.TelevisionProductTestCase">
    <skipped/>
  </testcase> <!-- Tc_01_televisionProductTestCase -->
</testsuite> <!-- Command line test -->
