-------------------------------------------------------------------------------
Test set: TestSuite
-------------------------------------------------------------------------------
Tests run: 3, Failures: 1, Errors: 0, Skipped: 2, Time elapsed: 1.828 sec <<< FAILURE!
initiateDriver(com.argos.project.testcases.TelevisionProductTestCase)  Time elapsed: 1.493 sec  <<< FAILURE!
java.lang.IllegalStateException: The driver executable does not exist: C:\Users\Sravya\Desktop\MYFlYIN\ArgosPageObjectModel_B\binaries\chromedriver.exe
	at com.google.common.base.Preconditions.checkState(Preconditions.java:534)
	at org.openqa.selenium.remote.service.DriverService.checkExecutable(DriverService.java:136)
	at org.openqa.selenium.remote.service.DriverService.findExecutable(DriverService.java:131)
	at org.openqa.selenium.chrome.ChromeDriverService.access$000(ChromeDriverService.java:32)
	at org.openqa.selenium.chrome.ChromeDriverService$Builder.findDefaultExecutable(ChromeDriverService.java:137)
	at org.openqa.selenium.remote.service.DriverService$Builder.build(DriverService.java:329)
	at org.openqa.selenium.chrome.ChromeDriverService.createDefaultService(ChromeDriverService.java:88)
	at org.openqa.selenium.chrome.ChromeDriver.<init>(ChromeDriver.java:124)
	at com.argos.project.testcases.TestBase.getDriver(TestBase.java:20)
	at com.argos.project.testcases.TelevisionProductTestCase.initiateDriver(TelevisionProductTestCase.java:21)

